#! /usr/bin/vvp
:ivl_version "0.9.7 " "(v0_9_7)";
:vpi_time_precision - 12;
:vpi_module "system";
:vpi_module "v2005_math";
:vpi_module "va_math";
S_0x2176970 .scope module, "tb_top" "tb_top" 2 39;
 .timescale -9 -12;
L_0x21d2e70 .functor AND 1, L_0x21d9d70, L_0x21d4070, C4<1>, C4<1>;
RS_0x7ffa0fe31728 .resolv tri, L_0x21d5a60, L_0x21d7ce0, C4<zzzzzzzz>, C4<zzzzzzzz>;
L_0x21d70a0 .functor BUFZ 8, RS_0x7ffa0fe31728, C4<00000000>, C4<00000000>, C4<00000000>;
RS_0x7ffa0fe31578 .resolv tri, L_0x21d7100, L_0x21d8110, C4<zzzzzzzz>, C4<zzzzzzzz>;
L_0x21d7240 .functor BUFZ 8, RS_0x7ffa0fe31578, C4<00000000>, C4<00000000>, C4<00000000>;
L_0x21d63a0 .functor AND 1, v0x21d4e00_0, v0x21d4670_0, C4<1>, C4<1>;
L_0x21d74c0 .functor NOT 1, v0x21d5710_0, C4<0>, C4<0>, C4<0>;
L_0x21d7a90 .functor AND 1, v0x21d3c90_0, L_0x21d74c0, C4<1>, C4<1>;
L_0x21d7e60 .functor OR 1, L_0x21d6fb0, v0x21d5790_0, C4<0>, C4<0>;
v0x21d2850_0 .net *"_s0", 7 0, C4<zzzzzzzz>; 0 drivers
v0x21d2910_0 .net *"_s12", 12 0, L_0x21d5b50; 1 drivers
v0x21d29b0_0 .net *"_s15", 0 0, C4<0>; 1 drivers
v0x21d2a50_0 .net *"_s16", 12 0, L_0x21d5c40; 1 drivers
v0x21d2ad0_0 .net *"_s19", 0 0, C4<0>; 1 drivers
v0x21d2b70_0 .net *"_s2", 0 0, L_0x21d2e70; 1 drivers
v0x21d2c10_0 .net *"_s20", 12 0, L_0x21d5d30; 1 drivers
v0x21d2cb0_0 .net *"_s22", 31 0, L_0x21d5ec0; 1 drivers
v0x21d2d50_0 .net *"_s25", 19 0, C4<00000000000000000000>; 1 drivers
v0x21d2df0_0 .net *"_s26", 31 0, C4<00000000000000000000000000001000>; 1 drivers
v0x21d2ef0_0 .net *"_s28", 31 0, L_0x21d6030; 1 drivers
v0x21d2f90_0 .net *"_s30", 31 0, L_0x21d6300; 1 drivers
v0x21d3030_0 .net *"_s33", 18 0, C4<0000000000000000000>; 1 drivers
v0x21d30d0_0 .net *"_s34", 31 0, L_0x21d61c0; 1 drivers
v0x21d31f0_0 .net *"_s38", 0 0, C4<1>; 1 drivers
v0x21d3290_0 .net *"_s4", 7 0, C4<zzzzzzzz>; 0 drivers
v0x21d3150_0 .net *"_s40", 0 0, L_0x21d6660; 1 drivers
v0x21d33e0_0 .net *"_s42", 0 0, C4<0>; 1 drivers
v0x21d3500_0 .net *"_s46", 0 0, C4<0>; 1 drivers
v0x21d3580_0 .net *"_s48", 0 0, L_0x21d69b0; 1 drivers
v0x21d3460_0 .net *"_s50", 0 0, C4<1>; 1 drivers
v0x21d36b0_0 .net *"_s54", 0 0, C4<1>; 1 drivers
v0x21d3600_0 .net *"_s56", 0 0, L_0x21d6db0; 1 drivers
v0x21d37f0_0 .net *"_s58", 0 0, C4<1>; 1 drivers
v0x21d3750_0 .net *"_s6", 7 0, L_0x21d54d0; 1 drivers
v0x21d3940_0 .net *"_s64", 7 0, C4<zzzzzzzz>; 0 drivers
v0x21d3890_0 .net *"_s72", 0 0, C4<1>; 1 drivers
v0x21d3aa0_0 .net *"_s74", 0 0, C4<0>; 1 drivers
v0x21d39e0_0 .net *"_s78", 0 0, C4<0>; 1 drivers
v0x21d3c10_0 .net *"_s8", 7 0, L_0x21d55e0; 1 drivers
v0x21d3b20_0 .net *"_s80", 0 0, C4<1>; 1 drivers
v0x21d3d90_0 .net *"_s90", 0 0, L_0x21d74c0; 1 drivers
v0x21d3c90_0 .var "clk", 0 0;
v0x21d3f20_0 .var "cool_of_counter", 5 0;
v0x21d3e10_0 .net "cpu_i_addr", 11 0, L_0x21d84b0; 1 drivers
v0x21d3e90_0 .net "cpu_i_data", 7 0, L_0x21d7240; 1 drivers
v0x21d40d0_0 .net "cpu_m_addr", 11 0, L_0x21da090; 1 drivers
v0x21d41a0_0 .net "cpu_m_en", 0 0, L_0x21d4070; 1 drivers
v0x21d3ff0_0 .net "cpu_m_rd", 0 0, L_0x21da2c0; 1 drivers
v0x21d4360_0 .net "cpu_m_rd_data", 7 0, L_0x21d70a0; 1 drivers
v0x21d4270_0 .net "cpu_m_wr", 0 0, L_0x21d9d70; 1 drivers
v0x21d4530_0 .net "cpu_m_wr_data", 7 0, L_0x21da5f0; 1 drivers
v0x21d4430_0 .net "cpu_reset_", 0 0, L_0x21d7930; 1 drivers
v0x21d44b0_0 .var/i "cycle_count", 31 0;
v0x21d4720_0 .var "d_mem_prog_started", 0 0;
v0x21d47c0_0 .var/i "data_mem_input_file", 31 0;
v0x21d45d0_0 .var/i "data_mem_output_file", 31 0;
v0x21d4670_0 .var "data_memory_loaded", 0 0;
v0x21d49d0_0 .net "dut_clk", 0 0, L_0x21d7a90; 1 drivers
v0x21d4a50_0 .var/i "i", 31 0;
v0x21d4860_0 .net "i_addr", 11 0, L_0x21d72a0; 1 drivers
v0x21d48e0_0 .var "i_addr_in", 11 0;
v0x21d4c80_0 .net8 "i_data", 7 0, RS_0x7ffa0fe31578; 2 drivers
v0x21d4d00_0 .var "i_data_in", 7 0;
v0x21d4ad0_0 .net "i_en", 0 0, C4<1>; 1 drivers
v0x21d4b50_0 .var "i_mem_prog_started", 0 0;
v0x21d4bd0_0 .net "i_rd", 0 0, L_0x21d7420; 1 drivers
v0x21d4f50_0 .net "i_wr", 0 0, L_0x21d7640; 1 drivers
v0x21d4d80_0 .var/i "inst_mem_input_file", 31 0;
v0x21d4e00_0 .var "inst_memory_loaded", 0 0;
v0x21d4e80_0 .net "m_addr", 11 0, L_0x21d64a0; 1 drivers
v0x21d51c0_0 .var "m_addr_in", 11 0;
v0x21d4fd0_0 .net8 "m_data", 7 0, RS_0x7ffa0fe31728; 2 drivers
v0x21d5050_0 .var "m_data_in", 7 0;
v0x21d50d0_0 .var "m_dump_addr", 11 0;
v0x21d5450_0 .net "m_en", 0 0, L_0x21d6fb0; 1 drivers
v0x21d5240_0 .net "m_rd", 0 0, L_0x21d6790; 1 drivers
v0x21d52c0_0 .net "m_wr", 0 0, L_0x21d6bf0; 1 drivers
v0x21d5340_0 .net "programming_done", 0 0, L_0x21d63a0; 1 drivers
v0x21d53c0_0 .var "reset_", 0 0;
v0x21d5710_0 .var "sim_done", 0 0;
v0x21d5790_0 .var "system_ready", 0 0;
E_0x21b1520 .event posedge, v0x21d3c90_0;
E_0x217c230 .event edge, v0x21d50d0_0;
E_0x217a430 .event edge, v0x21d44b0_0;
L_0x21d54d0 .functor MUXZ 8, C4<zzzzzzzz>, L_0x21da5f0, L_0x21d2e70, C4<>;
L_0x21d55e0 .functor MUXZ 8, L_0x21d54d0, C4<zzzzzzzz>, v0x21d5710_0, C4<>;
L_0x21d5a60 .functor MUXZ 8, v0x21d5050_0, L_0x21d55e0, v0x21d4670_0, C4<>;
L_0x21d5b50 .concat [ 12 1 0 0], v0x21d50d0_0, C4<0>;
L_0x21d5c40 .concat [ 12 1 0 0], L_0x21da090, C4<0>;
L_0x21d5d30 .functor MUXZ 13, L_0x21d5c40, L_0x21d5b50, v0x21d5710_0, C4<>;
L_0x21d5ec0 .concat [ 12 20 0 0], v0x21d51c0_0, C4<00000000000000000000>;
L_0x21d6030 .arith/sum 32, L_0x21d5ec0, C4<00000000000000000000000000001000>;
L_0x21d61c0 .concat [ 13 19 0 0], L_0x21d5d30, C4<0000000000000000000>;
L_0x21d6300 .functor MUXZ 32, L_0x21d6030, L_0x21d61c0, v0x21d4670_0, C4<>;
L_0x21d64a0 .part L_0x21d6300, 0, 12;
L_0x21d6660 .functor MUXZ 1, L_0x21da2c0, C4<1>, v0x21d5710_0, C4<>;
L_0x21d6790 .functor MUXZ 1, C4<0>, L_0x21d6660, v0x21d4670_0, C4<>;
L_0x21d69b0 .functor MUXZ 1, L_0x21d9d70, C4<0>, v0x21d5710_0, C4<>;
L_0x21d6bf0 .functor MUXZ 1, C4<1>, L_0x21d69b0, v0x21d4670_0, C4<>;
L_0x21d6db0 .functor MUXZ 1, L_0x21d4070, C4<1>, v0x21d5710_0, C4<>;
L_0x21d6fb0 .functor MUXZ 1, C4<1>, L_0x21d6db0, v0x21d4670_0, C4<>;
L_0x21d7100 .functor MUXZ 8, v0x21d4d00_0, C4<zzzzzzzz>, v0x21d4e00_0, C4<>;
L_0x21d72a0 .functor MUXZ 12, v0x21d48e0_0, L_0x21d84b0, v0x21d4e00_0, C4<>;
L_0x21d7420 .functor MUXZ 1, C4<0>, C4<1>, v0x21d4e00_0, C4<>;
L_0x21d7640 .functor MUXZ 1, C4<1>, C4<0>, v0x21d4e00_0, C4<>;
L_0x21d7930 .part v0x21d3f20_0, 5, 1;
S_0x21d20e0 .scope module, "u_data_mem" "data_mem" 2 256, 3 18, S_0x2176970;
 .timescale -9 -12;
L_0x21d7bd0 .functor BUFZ 8, L_0x21d7b30, C4<00000000>, C4<00000000>, C4<00000000>;
L_0x21d7c80 .functor AND 1, L_0x21d7e60, L_0x21d6790, C4<1>, C4<1>;
v0x21d21d0_0 .net *"_s0", 7 0, L_0x21d7b30; 1 drivers
v0x21d2250_0 .net *"_s4", 0 0, L_0x21d7c80; 1 drivers
v0x21d22d0_0 .net *"_s6", 7 0, C4<zzzzzzzz>; 0 drivers
v0x21d2350_0 .alias "addr", 11 0, v0x21d4e80_0;
v0x21d23d0_0 .alias "clk", 0 0, v0x21d49d0_0;
v0x21d2450_0 .alias "data", 7 0, v0x21d4fd0_0;
v0x21d24f0_0 .net "en", 0 0, L_0x21d7e60; 1 drivers
v0x21d2590 .array "mem", 4095 0, 7 0;
v0x21d2610_0 .net "r_data", 7 0, L_0x21d7bd0; 1 drivers
v0x21d26b0_0 .alias "rd", 0 0, v0x21d5240_0;
v0x21d27b0_0 .alias "wr", 0 0, v0x21d52c0_0;
L_0x21d7b30 .array/port v0x21d2590, L_0x21d64a0;
L_0x21d7ce0 .functor MUXZ 8, C4<zzzzzzzz>, L_0x21d7bd0, L_0x21d7c80, C4<>;
S_0x21d1aa0 .scope module, "u_inst_mem" "data_mem" 2 268, 3 18, S_0x2176970;
 .timescale -9 -12;
L_0x21d8000 .functor BUFZ 8, L_0x21d7f60, C4<00000000>, C4<00000000>, C4<00000000>;
L_0x21d80b0 .functor AND 1, C4<1>, L_0x21d7420, C4<1>, C4<1>;
v0x21d1860_0 .net *"_s0", 7 0, L_0x21d7f60; 1 drivers
v0x21d1b90_0 .net *"_s4", 0 0, L_0x21d80b0; 1 drivers
v0x21d1c10_0 .net *"_s6", 7 0, C4<zzzzzzzz>; 0 drivers
v0x21d1c90_0 .alias "addr", 11 0, v0x21d4860_0;
v0x21d1d10_0 .alias "clk", 0 0, v0x21d49d0_0;
v0x21d1d90_0 .alias "data", 7 0, v0x21d4c80_0;
v0x21d1e10_0 .alias "en", 0 0, v0x21d4ad0_0;
v0x21d1e90 .array "mem", 4095 0, 7 0;
v0x21d1f60_0 .net "r_data", 7 0, L_0x21d8000; 1 drivers
v0x21d1fe0_0 .alias "rd", 0 0, v0x21d4bd0_0;
v0x21d2060_0 .alias "wr", 0 0, v0x21d4f50_0;
L_0x21d7f60 .array/port v0x21d1e90, L_0x21d72a0;
L_0x21d8110 .functor MUXZ 8, C4<zzzzzzzz>, L_0x21d8000, L_0x21d80b0, C4<>;
S_0x21779d0 .scope module, "u_cpu_dut" "noobs_cpu" 2 279, 4 19, S_0x2176970;
 .timescale -9 -12;
v0x21d0120_0 .net "cbr_status", 2 0, L_0x21d9040; 1 drivers
v0x21d01d0_0 .alias "clk", 0 0, v0x21d49d0_0;
v0x21cd7d0_0 .net "decode2cpu_ctrl_cmd", 6 0, L_0x21d88d0; 1 drivers
v0x21d0360_0 .net "dst_addr", 11 0, v0x21ce010_0; 1 drivers
v0x21d0430_0 .net "dst_reg", 2 0, v0x21ce240_0; 1 drivers
v0x21d0500_0 .net "exec_ctrl", 3 0, v0x21ce110_0; 1 drivers
v0x21d05d0_0 .net "execute_en", 0 0, L_0x21d9450; 1 drivers
v0x21d06a0_0 .alias "i_addr", 11 0, v0x21d3e10_0;
v0x21d0770_0 .alias "i_data", 7 0, v0x21d3e90_0;
v0x21d07f0_0 .net "idecode_en", 0 0, L_0x21d9300; 1 drivers
v0x21d0870_0 .net "ifetch_en", 0 0, L_0x21d94b0; 1 drivers
v0x21d0940_0 .net "imm_data", 7 0, v0x21ce510_0; 1 drivers
v0x21d0a10_0 .net "imm_data_vld", 0 0, v0x21ce650_0; 1 drivers
v0x21d0ae0_0 .net "inst_o", 7 0, L_0x21d3d30; 1 drivers
v0x21d0c30_0 .alias "m_addr", 11 0, v0x21d40d0_0;
v0x21d0cb0_0 .alias "m_en", 0 0, v0x21d41a0_0;
v0x21d0b60_0 .alias "m_rd", 0 0, v0x21d3ff0_0;
v0x21d0dc0_0 .alias "m_rd_data", 7 0, v0x21d4360_0;
v0x21d0d30_0 .alias "m_wr", 0 0, v0x21d4270_0;
v0x21d0ee0_0 .alias "m_wr_data", 7 0, v0x21d4530_0;
v0x21d0e40_0 .net "next_addr", 11 0, L_0x21d82d0; 1 drivers
v0x21d1060_0 .net "rd_data_0", 7 0, v0x21cacd0_0; 1 drivers
v0x21d11a0_0 .net "rd_data_1", 7 0, v0x21cae00_0; 1 drivers
v0x21d1220_0 .net "rd_en_0", 0 0, v0x21ce920_0; 1 drivers
v0x21d1370_0 .net "rd_en_1", 0 0, v0x21cebb0_0; 1 drivers
v0x21d13f0_0 .net "rd_sel_0", 2 0, v0x21ce7f0_0; 1 drivers
v0x21d12f0_0 .net "rd_sel_1", 2 0, v0x21cea60_0; 1 drivers
v0x21d15a0_0 .alias "reset_", 0 0, v0x21d4430_0;
v0x21d1710_0 .net "tgt_addr", 11 0, C4<zzzzzzzzzzzz>; 0 drivers
v0x21d1790_0 .net "wr_data", 7 0, v0x21ca5d0_0; 1 drivers
v0x21d1620_0 .net "wr_en", 0 0, v0x21ca4b0_0; 1 drivers
v0x21d1910_0 .net "wr_sel", 2 0, v0x21ca700_0; 1 drivers
S_0x21cf7d0 .scope module, "u_ifetch" "ifetch" 4 86, 5 15, S_0x21779d0;
 .timescale -9 -12;
L_0x21d84b0 .functor BUFZ 12, v0x21cf8c0_0, C4<000000000000>, C4<000000000000>, C4<000000000000>;
L_0x21d3d30 .functor BUFZ 8, v0x21cfdc0_0, C4<00000000>, C4<00000000>, C4<00000000>;
L_0x21da6e0 .functor BUFZ 12, L_0x21d82d0, C4<000000000000>, C4<000000000000>, C4<000000000000>;
v0x21cf8c0_0 .var "PC", 11 0;
v0x21cf940_0 .net *"_s0", 11 0, C4<000000000001>; 1 drivers
v0x21cf9c0_0 .net *"_s4", 11 0, L_0x21da6e0; 1 drivers
v0x21cfa40_0 .net "branch", 0 0, C4<0>; 1 drivers
v0x21cfac0_0 .alias "clk", 0 0, v0x21d49d0_0;
v0x21cfb40_0 .alias "ifetch_en", 0 0, v0x21d0870_0;
v0x21cfbc0_0 .net "inst", 7 0, L_0x21d85a0; 1 drivers
v0x21cfc40_0 .alias "inst_addr", 11 0, v0x21d3e10_0;
v0x21cfcc0_0 .alias "inst_i", 7 0, v0x21d3e90_0;
v0x21cfd40_0 .alias "inst_o", 7 0, v0x21d0ae0_0;
v0x21cfdc0_0 .var "inst_reg", 7 0;
v0x21cfe40_0 .alias "next_addr", 11 0, v0x21d0e40_0;
v0x21cfef0_0 .net "pc_addr_next", 11 0, L_0x21d83c0; 1 drivers
v0x21cff70_0 .alias "reset_", 0 0, v0x21d4430_0;
v0x21d0070_0 .alias "tgt_addr", 11 0, v0x21d1710_0;
L_0x21d82d0 .arith/sum 12, v0x21cf8c0_0, C4<000000000001>;
L_0x21d83c0 .functor MUXZ 12, v0x21cf8c0_0, L_0x21da6e0, L_0x21d94b0, C4<>;
L_0x21d85a0 .functor MUXZ 8, v0x21cfdc0_0, L_0x21d7240, L_0x21d94b0, C4<>;
S_0x21cd470 .scope module, "u_idecode" "idecode" 4 100, 6 13, S_0x21779d0;
 .timescale -9 -12;
L_0x21d78a0 .functor BUFZ 8, L_0x21d3d30, C4<00000000>, C4<00000000>, C4<00000000>;
v0x21cdbf0_0 .var "branch", 0 0;
v0x21cdcb0_0 .var "branch_next", 0 0;
v0x21cdd50_0 .var "call", 0 0;
v0x21cddf0_0 .var "call_next", 0 0;
v0x21cde70_0 .alias "clk", 0 0, v0x21d49d0_0;
v0x21cdef0_0 .net "curr_inst", 7 0, L_0x21d78a0; 1 drivers
v0x21cdf90_0 .alias "decode2cpu_ctrl_cmd", 6 0, v0x21cd7d0_0;
v0x21ce010_0 .var "exec_addr", 11 0;
v0x21ce090_0 .var "exec_addr_next", 11 0;
v0x21ce110_0 .var "exec_ctrl", 3 0;
v0x21ce1c0_0 .var "exec_ctrl_next", 3 0;
v0x21ce240_0 .var "exec_dst_reg", 2 0;
v0x21ce2f0_0 .var "exec_dst_reg_next", 7 0;
v0x21ce370_0 .var "exec_en", 0 0;
v0x21ce470_0 .var "exec_en_next", 0 0;
v0x21ce510_0 .var "exec_imm_val", 7 0;
v0x21ce3f0_0 .var "exec_imm_val_next", 7 0;
v0x21ce650_0 .var "exec_imm_val_vld", 0 0;
v0x21ce770_0 .var "exec_imm_val_vld_next", 0 0;
v0x21ce7f0_0 .var "exec_src0_reg", 2 0;
v0x21ce6d0_0 .var "exec_src0_reg_next", 2 0;
v0x21ce920_0 .var "exec_src0_reg_rd_en", 0 0;
v0x21ce870_0 .var "exec_src0_reg_rd_en_next", 0 0;
v0x21cea60_0 .var "exec_src1_reg", 2 0;
v0x21ce9a0_0 .var "exec_src1_reg_next", 2 0;
v0x21cebb0_0 .var "exec_src1_reg_rd_en", 0 0;
v0x21ceae0_0 .var "exec_src1_reg_rd_en_next", 0 0;
v0x21ced10_0 .var "fatal_err", 0 0;
v0x21cec30_0 .var "fetch_en", 0 0;
v0x21cee80_0 .var "fetch_en_next", 0 0;
v0x21ced90_0 .var "halted", 0 0;
v0x21cf000_0 .var "halted_next", 0 0;
v0x21cef00_0 .alias "idecode_en", 0 0, v0x21d07f0_0;
v0x21cf190_0 .var "imm_mode", 0 0;
v0x21cf080_0 .var "imm_mode_next", 0 0;
v0x21cf330_0 .alias "inst_i", 7 0, v0x21d0ae0_0;
v0x21cf210_0 .var "prev_inst", 7 0;
v0x21cf290_0 .alias "reset_", 0 0, v0x21d4430_0;
v0x21cf4f0_0 .var "ret", 0 0;
v0x21cf570_0 .var "ret_next", 0 0;
v0x21cf3b0_0 .var "soft_rst", 0 0;
v0x21cf450_0 .var "soft_rst_next", 0 0;
v0x21cf750_0 .var "unimplemented_err", 0 0;
E_0x21ca6d0/0 .event edge, v0x21cf190_0, v0x21cec30_0, v0x21c9dd0_0, v0x21cb060_0;
E_0x21ca6d0/1 .event edge, v0x21cb100_0, v0x21c9ed0_0, v0x21c9f70_0, v0x21ca240_0;
E_0x21ca6d0/2 .event edge, v0x21ca2e0_0, v0x21ccdc0_0, v0x21cf210_0, v0x21cdef0_0;
E_0x21ca6d0/3 .event edge, v0x21ce090_0, v0x21ce3f0_0, v0x21cf080_0, v0x21ce6d0_0;
E_0x21ca6d0/4 .event edge, v0x21ce2f0_0, v0x21ce9a0_0;
E_0x21ca6d0 .event/or E_0x21ca6d0/0, E_0x21ca6d0/1, E_0x21ca6d0/2, E_0x21ca6d0/3, E_0x21ca6d0/4;
LS_0x21d88d0_0_0 .concat [ 1 1 1 1], v0x21cec30_0, v0x21ce370_0, v0x21ced90_0, v0x21cf3b0_0;
LS_0x21d88d0_0_4 .concat [ 1 1 1 0], v0x21cf4f0_0, v0x21cdbf0_0, v0x21cdd50_0;
L_0x21d88d0 .concat [ 4 3 0 0], LS_0x21d88d0_0_0, LS_0x21d88d0_0_4;
S_0x21cd900 .scope module, "u_assert_never_1" "assert_never" 6 387, 7 11, S_0x21cd470;
 .timescale -9 -12;
P_0x21cd6f8 .param/str "msg" 7 12, "Unimplemeneted or Illegal Instruction error";
v0x21cdab0_0 .alias "clk", 0 0, v0x21d49d0_0;
v0x21cdb50_0 .net "test", 0 0, v0x21cf750_0; 1 drivers
S_0x21cd600 .scope module, "u_assert_never_2" "assert_never" 6 388, 7 11, S_0x21cd470;
 .timescale -9 -12;
P_0x21ca958 .param/str "msg" 7 12, "Fatal error";
v0x21cd730_0 .alias "clk", 0 0, v0x21d49d0_0;
v0x21cd860_0 .net "test", 0 0, v0x21ced10_0; 1 drivers
S_0x21cba20 .scope module, "u_cpu_control" "cpu_control" 4 119, 8 17, S_0x21779d0;
 .timescale -9 -12;
L_0x21d8ed0 .functor BUFZ 7, L_0x21d88d0, C4<0000000>, C4<0000000>, C4<0000000>;
L_0x21d94b0 .functor AND 1, L_0x21d8e30, L_0x21d87a0, C4<1>, C4<1>;
L_0x21d9450 .functor BUFZ 1, L_0x21d8d50, C4<0>, C4<0>, C4<0>;
L_0x21d9f80 .functor AND 1, L_0x21d8970, L_0x21d8a10, C4<1>, C4<1>;
L_0x21d9fe0 .functor AND 1, L_0x21d9f80, L_0x21d8ab0, C4<1>, C4<1>;
v0x21cbd40_0 .net *"_s12", 4 0, L_0x21d91d0; 1 drivers
v0x21cbde0_0 .net *"_s15", 0 0, C4<0>; 1 drivers
v0x21cbe80_0 .net *"_s16", 4 0, C4<00101>; 1 drivers
v0x21cbf20_0 .net *"_s18", 0 0, L_0x21d87a0; 1 drivers
v0x21cbfc0_0 .net *"_s22", 4 0, L_0x21d9560; 1 drivers
v0x21cc060_0 .net *"_s25", 0 0, C4<0>; 1 drivers
v0x21cc100_0 .net *"_s26", 4 0, C4<00001>; 1 drivers
v0x21cc1a0_0 .net *"_s32", 4 0, L_0x21d98d0; 1 drivers
v0x21cc290_0 .net *"_s35", 0 0, C4<0>; 1 drivers
v0x21cc330_0 .net *"_s36", 4 0, C4<00000>; 1 drivers
v0x21cc3d0_0 .net *"_s40", 4 0, L_0x21d9bb0; 1 drivers
v0x21cc470_0 .net *"_s43", 0 0, C4<0>; 1 drivers
v0x21cc580_0 .net *"_s44", 4 0, C4<00011>; 1 drivers
v0x21cc620_0 .net *"_s48", 0 0, L_0x21d9f80; 1 drivers
v0x21cc740_0 .net *"_s9", 6 0, L_0x21d8ed0; 1 drivers
v0x21cc7e0_0 .net "branch", 0 0, L_0x21d8a10; 1 drivers
v0x21cc6a0_0 .net "call", 0 0, L_0x21d8970; 1 drivers
v0x21cc930_0 .alias "cbr_status", 2 0, v0x21d0120_0;
v0x21cca50_0 .alias "clk", 0 0, v0x21d49d0_0;
v0x21ccad0_0 .var "cpu_state", 3 0;
v0x21cc9b0_0 .var "cpu_state_next", 3 0;
v0x21ccc00_0 .alias "decode2cpu_ctrl_cmd", 6 0, v0x21cd7d0_0;
v0x21ccb50_0 .net "exec_en", 0 0, L_0x21d8d50; 1 drivers
v0x21ccd40_0 .alias "execute_en", 0 0, v0x21d05d0_0;
v0x21ccc80_0 .net "fetch_en", 0 0, L_0x21d8e30; 1 drivers
v0x21cce90_0 .net "halted", 0 0, L_0x21d8c80; 1 drivers
v0x21ccdc0_0 .alias "idecode_en", 0 0, v0x21d07f0_0;
v0x21ccff0_0 .alias "ifetch_en", 0 0, v0x21d0870_0;
v0x21ccf10_0 .net "pc_branch", 0 0, L_0x21d9a40; 1 drivers
v0x21cd160_0 .net "pc_reset", 0 0, L_0x21d9720; 1 drivers
v0x21cd070_0 .alias "reset_", 0 0, v0x21d4430_0;
v0x21cd2e0_0 .net "ret", 0 0, L_0x21d8ab0; 1 drivers
v0x21cd1e0_0 .net "soft_rst", 0 0, L_0x21d8b50; 1 drivers
E_0x21ca3c0/0 .event edge, v0x21ccad0_0, v0x21cce90_0, v0x21cd1e0_0, v0x21cc6a0_0;
E_0x21ca3c0/1 .event edge, v0x21cc7e0_0, v0x21cd2e0_0;
E_0x21ca3c0 .event/or E_0x21ca3c0/0, E_0x21ca3c0/1;
L_0x21d8970 .part L_0x21d8ed0, 6, 1;
L_0x21d8a10 .part L_0x21d8ed0, 5, 1;
L_0x21d8ab0 .part L_0x21d8ed0, 4, 1;
L_0x21d8b50 .part L_0x21d8ed0, 3, 1;
L_0x21d8c80 .part L_0x21d8ed0, 2, 1;
L_0x21d8d50 .part L_0x21d8ed0, 1, 1;
L_0x21d8e30 .part L_0x21d8ed0, 0, 1;
L_0x21d9040 .concat [ 1 1 1 0], L_0x21d8ab0, L_0x21d8a10, L_0x21d8970;
L_0x21d91d0 .concat [ 4 1 0 0], v0x21ccad0_0, C4<0>;
L_0x21d87a0 .cmp/ne 5, L_0x21d91d0, C4<00101>;
L_0x21d9560 .concat [ 4 1 0 0], v0x21ccad0_0, C4<0>;
L_0x21d9300 .cmp/eq 5, L_0x21d9560, C4<00001>;
L_0x21d98d0 .concat [ 4 1 0 0], v0x21cc9b0_0, C4<0>;
L_0x21d9720 .cmp/eq 5, L_0x21d98d0, C4<00000>;
L_0x21d9bb0 .concat [ 4 1 0 0], v0x21cc9b0_0, C4<0>;
L_0x21d9a40 .cmp/eq 5, L_0x21d9bb0, C4<00011>;
S_0x21cbb10 .scope module, "u_assert_never_1" "assert_never" 8 127, 7 11, S_0x21cba20;
 .timescale -9 -12;
P_0x21cb858 .param/str "msg" 7 12, "call branch ret flags cannot be set all at the same time";
v0x21cbc40_0 .alias "clk", 0 0, v0x21d49d0_0;
v0x21cbcc0_0 .net "test", 0 0, L_0x21d9fe0; 1 drivers
S_0x21caaf0 .scope module, "u_reg_file" "reg_file" 4 133, 9 15, S_0x21779d0;
 .timescale -9 -12;
v0x21cac50_0 .alias "clk", 0 0, v0x21d49d0_0;
v0x21cacd0_0 .var "rd_data_0", 7 0;
v0x21cad80_0 .var "rd_data_0_next", 7 0;
v0x21cae00_0 .var "rd_data_1", 7 0;
v0x21caee0_0 .var "rd_data_1_next", 7 0;
v0x21caf60_0 .alias "rd_en_0", 0 0, v0x21d1220_0;
v0x21cafe0_0 .alias "rd_en_1", 0 0, v0x21d1370_0;
v0x21cb060_0 .alias "rd_sel_0", 2 0, v0x21d13f0_0;
v0x21cb100_0 .alias "rd_sel_1", 2 0, v0x21d12f0_0;
v0x21cb1a0_0 .var "reg0", 7 0;
v0x21cb240_0 .var "reg1", 7 0;
v0x21cb2e0_0 .var "reg2", 7 0;
v0x21cb3f0_0 .var "reg3", 7 0;
v0x21cb490_0 .var "reg4", 7 0;
v0x21cb5b0_0 .var "reg5", 7 0;
v0x21cb650_0 .var "reg6", 7 0;
v0x21cb510_0 .var "reg7", 7 0;
v0x21cb7a0_0 .alias "wr_data", 7 0, v0x21d1790_0;
v0x21cb6d0_0 .alias "wr_en", 0 0, v0x21d1620_0;
v0x21cb8f0_0 .alias "wr_sel", 2 0, v0x21d1910_0;
E_0x21c99f0/0 .event edge, v0x21cafe0_0, v0x21ca4b0_0, v0x21cb100_0, v0x21ca700_0;
E_0x21c99f0/1 .event edge, v0x21ca5d0_0, v0x21cb1a0_0, v0x21cb240_0, v0x21cb2e0_0;
E_0x21c99f0/2 .event edge, v0x21cb3f0_0, v0x21cb490_0, v0x21cb5b0_0, v0x21cb650_0;
E_0x21c99f0/3 .event edge, v0x21cb510_0;
E_0x21c99f0 .event/or E_0x21c99f0/0, E_0x21c99f0/1, E_0x21c99f0/2, E_0x21c99f0/3;
E_0x21ca900/0 .event edge, v0x21caf60_0, v0x21ca4b0_0, v0x21cb060_0, v0x21ca700_0;
E_0x21ca900/1 .event edge, v0x21ca5d0_0, v0x21cb1a0_0, v0x21cb240_0, v0x21cb2e0_0;
E_0x21ca900/2 .event edge, v0x21cb3f0_0, v0x21cb490_0, v0x21cb5b0_0, v0x21cb650_0;
E_0x21ca900/3 .event edge, v0x21cb510_0;
E_0x21ca900 .event/or E_0x21ca900/0, E_0x21ca900/1, E_0x21ca900/2, E_0x21ca900/3;
S_0x21750a0 .scope module, "u_execute" "execute" 4 148, 10 11, S_0x21779d0;
 .timescale -9 -12;
L_0x21da090 .functor BUFZ 12, v0x21ce010_0, C4<000000000000>, C4<000000000000>, C4<000000000000>;
L_0x21da180 .functor BUFZ 8, v0x21cacd0_0, C4<00000000>, C4<00000000>, C4<00000000>;
L_0x21d4070 .functor OR 1, L_0x21d9d70, L_0x21da2c0, C4<0>, C4<0>;
L_0x21da5f0 .functor BUFZ 8, L_0x21da180, C4<00000000>, C4<00000000>, C4<00000000>;
v0x211c6f0_0 .net *"_s10", 3 0, C4<0111>; 1 drivers
v0x21c9830_0 .net *"_s6", 3 0, C4<0110>; 1 drivers
v0x21c98d0_0 .alias "clk", 0 0, v0x21d49d0_0;
v0x21c9970_0 .alias "d_mem_addr", 11 0, v0x21d40d0_0;
v0x21c9a20_0 .alias "d_mem_data_in", 7 0, v0x21d4360_0;
v0x21c9ac0_0 .alias "d_mem_data_out", 7 0, v0x21d4530_0;
v0x21c9ba0_0 .alias "d_mem_en", 0 0, v0x21d41a0_0;
v0x21c9c40_0 .alias "d_mem_rd", 0 0, v0x21d3ff0_0;
v0x21c9d30_0 .alias "d_mem_wr", 0 0, v0x21d4270_0;
v0x21c9dd0_0 .alias "dst_addr", 11 0, v0x21d0360_0;
v0x21c9ed0_0 .alias "dst_reg", 2 0, v0x21d0430_0;
v0x21c9f70_0 .alias "exec_ctrl", 3 0, v0x21d0500_0;
v0x21ca080_0 .var "exec_ctrl_1D", 3 0;
v0x21ca120_0 .alias "execute_en", 0 0, v0x21d05d0_0;
v0x21ca240_0 .alias "imm_data", 7 0, v0x21d0940_0;
v0x21ca2e0_0 .alias "imm_data_vld", 0 0, v0x21d0a10_0;
v0x21ca1a0_0 .alias "next_addr", 11 0, v0x21d0e40_0;
v0x21ca430_0 .alias "reg_src0_data", 7 0, v0x21d1060_0;
v0x21ca550_0 .alias "reg_src1_data", 7 0, v0x21d11a0_0;
v0x21ca5d0_0 .var "reg_wr_data", 7 0;
v0x21ca4b0_0 .var "reg_wr_en", 0 0;
v0x21ca700_0 .var "reg_wr_sel", 2 0;
v0x21ca650_0 .alias "reset_", 0 0, v0x21d4430_0;
v0x21ca840_0 .net "src0_data", 7 0, L_0x21da180; 1 drivers
v0x21ca7a0_0 .net "src1_data", 7 0, L_0x21da1e0; 1 drivers
v0x21ca990_0 .alias "tgt_addr", 11 0, v0x21d1710_0;
E_0x2178da0/0 .event edge, v0x21c9ed0_0, v0x21ca080_0, v0x21ca840_0, v0x21ca7a0_0;
E_0x2178da0/1 .event edge, v0x21c9a20_0;
E_0x2178da0 .event/or E_0x2178da0/0, E_0x2178da0/1;
E_0x217f600 .event posedge, v0x21c98d0_0;
L_0x21da1e0 .functor MUXZ 8, v0x21cae00_0, v0x21ce510_0, v0x21ce650_0, C4<>;
L_0x21da2c0 .cmp/eq 4, v0x21ca080_0, C4<0110>;
L_0x21d9d70 .cmp/eq 4, v0x21ca080_0, C4<0111>;
    .scope S_0x21d20e0;
T_0 ;
    %wait E_0x217f600;
    %load/v 8, v0x21d24f0_0, 1;
    %load/v 9, v0x21d27b0_0, 1;
    %and 8, 9, 1;
    %jmp/0xz  T_0.0, 8;
    %load/v 8, v0x21d2450_0, 8;
    %ix/getv 3, v0x21d2350_0;
    %jmp/1 t_0, 4;
    %ix/load 0, 8, 0; word width
    %ix/load 1, 0, 0; part off
    %assign/av v0x21d2590, 0, 8;
t_0 ;
T_0.0 ;
    %jmp T_0;
    .thread T_0;
    .scope S_0x21d1aa0;
T_1 ;
    %wait E_0x217f600;
    %load/v 8, v0x21d1e10_0, 1;
    %load/v 9, v0x21d2060_0, 1;
    %and 8, 9, 1;
    %jmp/0xz  T_1.0, 8;
    %load/v 8, v0x21d1d90_0, 8;
    %ix/getv 3, v0x21d1c90_0;
    %jmp/1 t_1, 4;
    %ix/load 0, 8, 0; word width
    %ix/load 1, 0, 0; part off
    %assign/av v0x21d1e90, 0, 8;
t_1 ;
T_1.0 ;
    %jmp T_1;
    .thread T_1;
    .scope S_0x21cf7d0;
T_2 ;
    %wait E_0x217f600;
    %load/v 8, v0x21cff70_0, 1;
    %inv 8, 1;
    %jmp/0xz  T_2.0, 8;
    %ix/load 0, 12, 0;
    %assign/v0 v0x21cf8c0_0, 0, 0;
    %jmp T_2.1;
T_2.0 ;
    %load/v 8, v0x21cfef0_0, 12;
    %ix/load 0, 12, 0;
    %assign/v0 v0x21cf8c0_0, 0, 8;
T_2.1 ;
    %jmp T_2;
    .thread T_2;
    .scope S_0x21cf7d0;
T_3 ;
    %wait E_0x217f600;
    %load/v 8, v0x21cff70_0, 1;
    %inv 8, 1;
    %jmp/0xz  T_3.0, 8;
    %ix/load 0, 8, 0;
    %assign/v0 v0x21cfdc0_0, 0, 0;
    %jmp T_3.1;
T_3.0 ;
    %load/v 8, v0x21cfbc0_0, 8;
    %ix/load 0, 8, 0;
    %assign/v0 v0x21cfdc0_0, 0, 8;
T_3.1 ;
    %jmp T_3;
    .thread T_3;
    .scope S_0x21cd900;
T_4 ;
    %wait E_0x217f600;
    %load/v 8, v0x21cdb50_0, 1;
    %jmp/0xz  T_4.0, 8;
    %vpi_call 7 17 "$display", "%c[1;31m", 6'sb011011;
    %vpi_call 7 18 "$display", "%s %m", P_0x21cd6f8;
    %vpi_call 7 19 "$display", "%c[0m", 6'sb011011;
    %vpi_call 7 20 "$finish";
T_4.0 ;
    %jmp T_4;
    .thread T_4;
    .scope S_0x21cd600;
T_5 ;
    %wait E_0x217f600;
    %load/v 8, v0x21cd860_0, 1;
    %jmp/0xz  T_5.0, 8;
    %vpi_call 7 17 "$display", "%c[1;31m", 6'sb011011;
    %vpi_call 7 18 "$display", "%s %m", P_0x21ca958;
    %vpi_call 7 19 "$display", "%c[0m", 6'sb011011;
    %vpi_call 7 20 "$finish";
T_5.0 ;
    %jmp T_5;
    .thread T_5;
    .scope S_0x21cd470;
T_6 ;
    %wait E_0x217f600;
    %load/v 8, v0x21cf290_0, 1;
    %inv 8, 1;
    %jmp/0xz  T_6.0, 8;
    %ix/load 0, 1, 0;
    %assign/v0 v0x21cf190_0, 0, 0;
    %ix/load 0, 8, 0;
    %assign/v0 v0x21cf210_0, 0, 0;
    %ix/load 0, 4, 0;
    %assign/v0 v0x21ce110_0, 0, 0;
    %ix/load 0, 1, 0;
    %assign/v0 v0x21cec30_0, 0, 1;
    %ix/load 0, 12, 0;
    %assign/v0 v0x21ce010_0, 0, 0;
    %ix/load 0, 3, 0;
    %assign/v0 v0x21ce7f0_0, 0, 0;
    %ix/load 0, 1, 0;
    %assign/v0 v0x21ce920_0, 0, 0;
    %ix/load 0, 3, 0;
    %assign/v0 v0x21cea60_0, 0, 0;
    %ix/load 0, 1, 0;
    %assign/v0 v0x21cebb0_0, 0, 0;
    %ix/load 0, 3, 0;
    %assign/v0 v0x21ce240_0, 0, 0;
    %ix/load 0, 8, 0;
    %assign/v0 v0x21ce510_0, 0, 0;
    %ix/load 0, 1, 0;
    %assign/v0 v0x21ce650_0, 0, 0;
    %ix/load 0, 1, 0;
    %assign/v0 v0x21ce370_0, 0, 0;
    %ix/load 0, 1, 0;
    %assign/v0 v0x21ced90_0, 0, 0;
    %ix/load 0, 1, 0;
    %assign/v0 v0x21cf3b0_0, 0, 0;
    %ix/load 0, 1, 0;
    %assign/v0 v0x21cdd50_0, 0, 0;
    %ix/load 0, 1, 0;
    %assign/v0 v0x21cdbf0_0, 0, 0;
    %ix/load 0, 1, 0;
    %assign/v0 v0x21cf4f0_0, 0, 0;
    %jmp T_6.1;
T_6.0 ;
    %load/v 8, v0x21cf080_0, 1;
    %ix/load 0, 1, 0;
    %assign/v0 v0x21cf190_0, 0, 8;
    %load/v 8, v0x21cdef0_0, 8;
    %ix/load 0, 8, 0;
    %assign/v0 v0x21cf210_0, 0, 8;
    %load/v 8, v0x21ce1c0_0, 4;
    %ix/load 0, 4, 0;
    %assign/v0 v0x21ce110_0, 0, 8;
    %load/v 8, v0x21ce090_0, 12;
    %ix/load 0, 12, 0;
    %assign/v0 v0x21ce010_0, 0, 8;
    %load/v 8, v0x21cee80_0, 1;
    %ix/load 0, 1, 0;
    %assign/v0 v0x21cec30_0, 0, 8;
    %load/v 8, v0x21ce6d0_0, 3;
    %ix/load 0, 3, 0;
    %assign/v0 v0x21ce7f0_0, 0, 8;
    %load/v 8, v0x21ce870_0, 1;
    %ix/load 0, 1, 0;
    %assign/v0 v0x21ce920_0, 0, 8;
    %load/v 8, v0x21ce9a0_0, 3;
    %ix/load 0, 3, 0;
    %assign/v0 v0x21cea60_0, 0, 8;
    %load/v 8, v0x21ceae0_0, 1;
    %ix/load 0, 1, 0;
    %assign/v0 v0x21cebb0_0, 0, 8;
    %load/v 8, v0x21ce2f0_0, 8;
    %ix/load 0, 3, 0;
    %assign/v0 v0x21ce240_0, 0, 8;
    %load/v 8, v0x21ce3f0_0, 8;
    %ix/load 0, 8, 0;
    %assign/v0 v0x21ce510_0, 0, 8;
    %load/v 8, v0x21ce770_0, 1;
    %ix/load 0, 1, 0;
    %assign/v0 v0x21ce650_0, 0, 8;
    %load/v 8, v0x21ce470_0, 1;
    %ix/load 0, 1, 0;
    %assign/v0 v0x21ce370_0, 0, 8;
    %load/v 8, v0x21cf000_0, 1;
    %ix/load 0, 1, 0;
    %assign/v0 v0x21ced90_0, 0, 8;
    %load/v 8, v0x21cf450_0, 1;
    %ix/load 0, 1, 0;
    %assign/v0 v0x21cf3b0_0, 0, 8;
    %load/v 8, v0x21cddf0_0, 1;
    %ix/load 0, 1, 0;
    %assign/v0 v0x21cdd50_0, 0, 8;
    %load/v 8, v0x21cdcb0_0, 1;
    %ix/load 0, 1, 0;
    %assign/v0 v0x21cdbf0_0, 0, 8;
    %load/v 8, v0x21cf570_0, 1;
    %ix/load 0, 1, 0;
    %assign/v0 v0x21cf4f0_0, 0, 8;
T_6.1 ;
    %jmp T_6;
    .thread T_6;
    .scope S_0x21cd470;
T_7 ;
    %wait E_0x21ca6d0;
    %load/v 8, v0x21cf190_0, 1;
    %set/v v0x21cf080_0, 8, 1;
    %load/v 8, v0x21cec30_0, 1;
    %set/v v0x21cee80_0, 8, 1;
    %load/v 8, v0x21ce010_0, 12;
    %set/v v0x21ce090_0, 8, 12;
    %load/v 8, v0x21ce7f0_0, 3;
    %set/v v0x21ce6d0_0, 8, 3;
    %set/v v0x21ce870_0, 0, 1;
    %load/v 8, v0x21cea60_0, 3;
    %set/v v0x21ce9a0_0, 8, 3;
    %set/v v0x21ceae0_0, 0, 1;
    %load/v 8, v0x21ce240_0, 3;
    %mov 11, 0, 5;
    %set/v v0x21ce2f0_0, 8, 8;
    %load/v 8, v0x21ce110_0, 4;
    %set/v v0x21ce1c0_0, 8, 4;
    %load/v 8, v0x21ce510_0, 8;
    %set/v v0x21ce3f0_0, 8, 8;
    %load/v 8, v0x21ce650_0, 1;
    %set/v v0x21ce770_0, 8, 1;
    %set/v v0x21cf000_0, 0, 1;
    %set/v v0x21cf450_0, 0, 1;
    %set/v v0x21cdcb0_0, 0, 1;
    %set/v v0x21cddf0_0, 0, 1;
    %set/v v0x21cf570_0, 0, 1;
    %set/v v0x21ced10_0, 0, 1;
    %set/v v0x21cf750_0, 0, 1;
    %load/v 8, v0x21cef00_0, 1;
    %jmp/0xz  T_7.0, 8;
    %load/v 8, v0x21cf190_0, 1;
    %jmp/0xz  T_7.2, 8;
    %set/v v0x21ce770_0, 1, 1;
    %set/v v0x21cf080_0, 0, 1;
    %set/v v0x21ce470_0, 1, 1;
    %set/v v0x21ce1c0_0, 0, 4;
    %load/v 8, v0x21cf210_0, 8;
    %ix/load 0, 5, 0;
    %mov 4, 0, 1;
    %shiftr/i0  8, 8;
   %andi 8, 7, 8;
    %cmp/z 8, 0, 8;
    %jmp/1 T_7.4, 4;
    %movi 16, 1, 8;
    %cmp/z 8, 16, 8;
    %jmp/1 T_7.5, 4;
    %movi 16, 2, 8;
    %cmp/z 8, 16, 8;
    %jmp/1 T_7.6, 4;
    %movi 16, 3, 8;
    %cmp/z 8, 16, 8;
    %jmp/1 T_7.7, 4;
    %movi 16, 5, 8;
    %cmp/z 8, 16, 8;
    %jmp/1 T_7.8, 4;
    %movi 16, 6, 8;
    %cmp/z 8, 16, 8;
    %jmp/1 T_7.9, 4;
    %movi 16, 7, 8;
    %cmp/z 8, 16, 8;
    %jmp/1 T_7.10, 4;
    %vpi_call 6 202 "$display", "OPCODE: %02x\012", v0x21cf210_0;
    %set/v v0x21ced10_0, 1, 1;
    %jmp T_7.12;
T_7.4 ;
    %load/v 8, v0x21cf210_0, 8;
    %ix/load 0, 3, 0;
    %mov 4, 0, 1;
    %shiftr/i0  8, 8;
   %andi 8, 3, 8;
    %movi 16, 2, 8;
    %cmp/z 8, 16, 8;
    %jmp/1 T_7.13, 4;
    %movi 16, 3, 8;
    %cmp/z 8, 16, 8;
    %jmp/1 T_7.14, 4;
    %vpi_call 6 183 "$display", "OPCODE: %02x\012", v0x21cf210_0;
    %set/v v0x21ced10_0, 1, 1;
    %jmp T_7.16;
T_7.13 ;
    %load/v 8, v0x21cf210_0, 8;
    %mov 16, 0, 4;
   %andi 8, 7, 12;
    %ix/load 0, 8, 0;
    %mov 4, 0, 1;
    %shiftl/i0  8, 12;
    %load/v 20, v0x21cdef0_0, 8;
    %mov 28, 0, 4;
    %or 8, 20, 12;
    %set/v v0x21ce090_0, 8, 12;
    %set/v v0x21cee80_0, 0, 1;
    %set/v v0x21cdcb0_0, 1, 1;
    %vpi_call 6 174 "$display", "{IDECODE: ADDRESS = %d} ", v0x21ce090_0;
    %jmp T_7.16;
T_7.14 ;
    %load/v 8, v0x21cf210_0, 8;
    %mov 16, 0, 4;
   %andi 8, 7, 12;
    %ix/load 0, 8, 0;
    %mov 4, 0, 1;
    %shiftl/i0  8, 12;
    %load/v 20, v0x21cdef0_0, 8;
    %mov 28, 0, 4;
    %or 8, 20, 12;
    %set/v v0x21ce090_0, 8, 12;
    %set/v v0x21cee80_0, 0, 1;
    %set/v v0x21cddf0_0, 1, 1;
    %vpi_call 6 180 "$display", "{IDECODE: ADDRESS = %d} ", v0x21ce090_0;
    %jmp T_7.16;
T_7.16 ;
    %load/v 8, v0x21cdef0_0, 8;
    %set/v v0x21ce3f0_0, 8, 8;
    %jmp T_7.12;
T_7.5 ;
    %load/v 8, v0x21cdef0_0, 8;
    %set/v v0x21ce3f0_0, 8, 8;
    %vpi_call 6 194 "$display", "{IDECODE: IMMEDIATE_VAL = %d} ", v0x21ce3f0_0;
    %jmp T_7.12;
T_7.6 ;
    %load/v 8, v0x21cdef0_0, 8;
    %set/v v0x21ce3f0_0, 8, 8;
    %vpi_call 6 194 "$display", "{IDECODE: IMMEDIATE_VAL = %d} ", v0x21ce3f0_0;
    %jmp T_7.12;
T_7.7 ;
    %load/v 8, v0x21cdef0_0, 8;
    %set/v v0x21ce3f0_0, 8, 8;
    %vpi_call 6 194 "$display", "{IDECODE: IMMEDIATE_VAL = %d} ", v0x21ce3f0_0;
    %jmp T_7.12;
T_7.8 ;
    %load/v 8, v0x21cdef0_0, 8;
    %set/v v0x21ce3f0_0, 8, 8;
    %vpi_call 6 194 "$display", "{IDECODE: IMMEDIATE_VAL = %d} ", v0x21ce3f0_0;
    %jmp T_7.12;
T_7.9 ;
    %load/v 8, v0x21cf210_0, 8;
    %mov 16, 0, 4;
   %andi 8, 7, 12;
    %ix/load 0, 8, 0;
    %mov 4, 0, 1;
    %shiftl/i0  8, 12;
    %load/v 20, v0x21cdef0_0, 8;
    %mov 28, 0, 4;
    %or 8, 20, 12;
    %set/v v0x21ce090_0, 8, 12;
    %vpi_call 6 199 "$display", "{IDECODE: ADDRESS = %d} ", v0x21ce090_0;
    %jmp T_7.12;
T_7.10 ;
    %load/v 8, v0x21cf210_0, 8;
    %mov 16, 0, 4;
   %andi 8, 7, 12;
    %ix/load 0, 8, 0;
    %mov 4, 0, 1;
    %shiftl/i0  8, 12;
    %load/v 20, v0x21cdef0_0, 8;
    %mov 28, 0, 4;
    %or 8, 20, 12;
    %set/v v0x21ce090_0, 8, 12;
    %vpi_call 6 199 "$display", "{IDECODE: ADDRESS = %d} ", v0x21ce090_0;
    %jmp T_7.12;
T_7.12 ;
    %jmp T_7.3;
T_7.2 ;
    %load/v 8, v0x21cdef0_0, 8;
    %ix/load 0, 4, 0;
    %mov 4, 0, 1;
    %shiftr/i0  8, 8;
   %andi 8, 1, 8;
    %set/v v0x21cf080_0, 8, 1;
    %set/v v0x21ce770_0, 0, 1;
    %load/v 8, v0x21cdef0_0, 8;
    %ix/load 0, 5, 0;
    %mov 4, 0, 1;
    %shiftr/i0  8, 8;
   %andi 8, 7, 8;
    %cmp/z 8, 0, 8;
    %jmp/1 T_7.17, 4;
    %movi 16, 1, 8;
    %cmp/z 8, 16, 8;
    %jmp/1 T_7.18, 4;
    %movi 16, 2, 8;
    %cmp/z 8, 16, 8;
    %jmp/1 T_7.19, 4;
    %movi 16, 3, 8;
    %cmp/z 8, 16, 8;
    %jmp/1 T_7.20, 4;
    %movi 16, 4, 8;
    %cmp/z 8, 16, 8;
    %jmp/1 T_7.21, 4;
    %movi 16, 5, 8;
    %cmp/z 8, 16, 8;
    %jmp/1 T_7.22, 4;
    %movi 16, 6, 8;
    %cmp/z 8, 16, 8;
    %jmp/1 T_7.23, 4;
    %movi 16, 7, 8;
    %cmp/z 8, 16, 8;
    %jmp/1 T_7.24, 4;
    %jmp T_7.25;
T_7.17 ;
    %load/v 8, v0x21cdef0_0, 8;
    %ix/load 0, 3, 0;
    %mov 4, 0, 1;
    %shiftr/i0  8, 8;
   %andi 8, 3, 8;
    %cmp/z 8, 0, 8;
    %jmp/1 T_7.26, 4;
    %movi 16, 1, 8;
    %cmp/z 8, 16, 8;
    %jmp/1 T_7.27, 4;
    %movi 16, 2, 8;
    %cmp/z 8, 16, 8;
    %jmp/1 T_7.28, 4;
    %movi 16, 3, 8;
    %cmp/z 8, 16, 8;
    %jmp/1 T_7.29, 4;
    %vpi_call 6 272 "$display", "{IDECODE: UNKNOWN} ";
    %set/v v0x21ced10_0, 1, 1;
    %jmp T_7.31;
T_7.26 ;
    %load/v 8, v0x21cdef0_0, 8;
   %andi 8, 7, 8;
    %cmp/z 8, 0, 8;
    %jmp/1 T_7.32, 4;
    %movi 16, 1, 8;
    %cmp/z 8, 16, 8;
    %jmp/1 T_7.33, 4;
    %movi 16, 2, 8;
    %cmp/z 8, 16, 8;
    %jmp/1 T_7.34, 4;
    %movi 16, 3, 8;
    %cmp/z 8, 16, 8;
    %jmp/1 T_7.35, 4;
    %movi 16, 4, 8;
    %cmp/z 8, 16, 8;
    %jmp/1 T_7.36, 4;
    %movi 16, 5, 8;
    %cmp/z 8, 16, 8;
    %jmp/1 T_7.37, 4;
    %movi 16, 6, 8;
    %cmp/z 8, 16, 8;
    %jmp/1 T_7.38, 4;
    %vpi_call 6 253 "$display", "{IDECODE: UNKNOWN} ";
    %set/v v0x21ced10_0, 1, 1;
    %jmp T_7.40;
T_7.32 ;
    %vpi_call 6 216 "$display", "{IDECODE: NOP} ";
    %set/v v0x21ce1c0_0, 0, 4;
    %jmp T_7.40;
T_7.33 ;
    %vpi_call 6 220 "$display", "{IDECODE: RET} ";
    %movi 8, 10, 4;
    %set/v v0x21ce1c0_0, 8, 4;
    %set/v v0x21cee80_0, 0, 1;
    %set/v v0x21cf570_0, 0, 1;
    %jmp T_7.40;
T_7.34 ;
    %vpi_call 6 226 "$display", "{IDECODE: HALT} ";
    %set/v v0x21cee80_0, 0, 1;
    %set/v v0x21cf000_0, 1, 1;
    %jmp T_7.40;
T_7.35 ;
    %vpi_call 6 231 "$display", "{IDECODE: RESET} ";
    %set/v v0x21cf450_0, 1, 1;
    %jmp T_7.40;
T_7.36 ;
    %vpi_call 6 235 "$display", "{IDECODE: SET_BCZ} ";
    %movi 8, 11, 4;
    %set/v v0x21ce1c0_0, 8, 4;
    %set/v v0x21cf750_0, 1, 1;
    %jmp T_7.40;
T_7.37 ;
    %vpi_call 6 241 "$display", "{IDECODE: SET_BCNZ} ";
    %movi 8, 11, 4;
    %set/v v0x21ce1c0_0, 8, 4;
    %set/v v0x21cf750_0, 1, 1;
    %jmp T_7.40;
T_7.38 ;
    %vpi_call 6 247 "$display", "{IDECODE: CLR_BC} ";
    %movi 8, 11, 4;
    %set/v v0x21ce1c0_0, 8, 4;
    %set/v v0x21cf750_0, 1, 1;
    %jmp T_7.40;
T_7.40 ;
    %jmp T_7.31;
T_7.27 ;
    %set/v v0x21ce1c0_0, 0, 4;
    %set/v v0x21cf750_0, 1, 1;
    %jmp T_7.31;
T_7.28 ;
    %movi 8, 8, 4;
    %set/v v0x21ce1c0_0, 8, 4;
    %vpi_call 6 265 "$display", "{IDECODE: JMP} ";
    %jmp T_7.31;
T_7.29 ;
    %movi 8, 9, 4;
    %set/v v0x21ce1c0_0, 8, 4;
    %vpi_call 6 269 "$display", "{IDECODE: CALL} ";
    %jmp T_7.31;
T_7.31 ;
    %jmp T_7.25;
T_7.18 ;
    %movi 8, 1, 4;
    %set/v v0x21ce1c0_0, 8, 4;
    %load/v 8, v0x21cf080_0, 1;
    %jmp/0xz  T_7.41, 8;
    %load/v 8, v0x21cdef0_0, 8;
   %andi 8, 3, 8;
    %set/v v0x21ce6d0_0, 8, 3;
    %set/v v0x21ce870_0, 1, 1;
    %load/v 8, v0x21cdef0_0, 8;
    %ix/load 0, 2, 0;
    %mov 4, 0, 1;
    %shiftr/i0  8, 8;
   %andi 8, 3, 8;
    %set/v v0x21ce2f0_0, 8, 8;
    %vpi_call 6 283 "$display", "{IDECODE: ADDI: src0_reg = %d, dst_reg = %d} ", v0x21ce6d0_0, v0x21ce2f0_0;
    %jmp T_7.42;
T_7.41 ;
    %load/v 8, v0x21cdef0_0, 8;
   %andi 8, 3, 8;
    %set/v v0x21ce6d0_0, 8, 3;
    %set/v v0x21ce870_0, 1, 1;
    %load/v 8, v0x21cdef0_0, 8;
    %ix/load 0, 2, 0;
    %mov 4, 0, 1;
    %shiftr/i0  8, 8;
   %andi 8, 3, 8;
    %set/v v0x21ce9a0_0, 8, 3;
    %set/v v0x21ceae0_0, 1, 1;
    %load/v 8, v0x21cdef0_0, 8;
    %ix/load 0, 2, 0;
    %mov 4, 0, 1;
    %shiftr/i0  8, 8;
   %andi 8, 3, 8;
    %set/v v0x21ce2f0_0, 8, 8;
    %vpi_call 6 291 "$display", "{IDECODE: ADD: src0_reg = %d, src1_reg = %d, dst_reg = %d} ", v0x21ce6d0_0, v0x21ce9a0_0, v0x21ce2f0_0;
T_7.42 ;
    %jmp T_7.25;
T_7.19 ;
    %movi 8, 2, 4;
    %set/v v0x21ce1c0_0, 8, 4;
    %load/v 8, v0x21cf080_0, 1;
    %jmp/0xz  T_7.43, 8;
    %load/v 8, v0x21cdef0_0, 8;
   %andi 8, 3, 8;
    %set/v v0x21ce6d0_0, 8, 3;
    %set/v v0x21ce870_0, 1, 1;
    %load/v 8, v0x21cdef0_0, 8;
    %ix/load 0, 2, 0;
    %mov 4, 0, 1;
    %shiftr/i0  8, 8;
   %andi 8, 3, 8;
    %set/v v0x21ce2f0_0, 8, 8;
    %vpi_call 6 300 "$display", "{IDECODE: SUBI: src0_reg = %d, dst_reg = %d} ", v0x21ce6d0_0, v0x21ce2f0_0;
    %jmp T_7.44;
T_7.43 ;
    %load/v 8, v0x21cdef0_0, 8;
   %andi 8, 3, 8;
    %set/v v0x21ce6d0_0, 8, 3;
    %set/v v0x21ce870_0, 1, 1;
    %load/v 8, v0x21cdef0_0, 8;
    %ix/load 0, 2, 0;
    %mov 4, 0, 1;
    %shiftr/i0  8, 8;
   %andi 8, 3, 8;
    %set/v v0x21ce9a0_0, 8, 3;
    %set/v v0x21ceae0_0, 1, 1;
    %load/v 8, v0x21cdef0_0, 8;
    %ix/load 0, 2, 0;
    %mov 4, 0, 1;
    %shiftr/i0  8, 8;
   %andi 8, 3, 8;
    %set/v v0x21ce2f0_0, 8, 8;
    %vpi_call 6 308 "$display", "{IDECODE: SUB: src0_reg = %d, src1_reg = %d, dst_reg = %d} ", v0x21ce6d0_0, v0x21ce9a0_0, v0x21ce2f0_0;
T_7.44 ;
    %jmp T_7.25;
T_7.20 ;
    %movi 8, 3, 4;
    %set/v v0x21ce1c0_0, 8, 4;
    %load/v 8, v0x21cf080_0, 1;
    %jmp/0xz  T_7.45, 8;
    %load/v 8, v0x21cdef0_0, 8;
   %andi 8, 3, 8;
    %set/v v0x21ce6d0_0, 8, 3;
    %set/v v0x21ce870_0, 1, 1;
    %load/v 8, v0x21cdef0_0, 8;
    %ix/load 0, 2, 0;
    %mov 4, 0, 1;
    %shiftr/i0  8, 8;
   %andi 8, 3, 8;
    %set/v v0x21ce2f0_0, 8, 8;
    %vpi_call 6 317 "$display", "{IDECODE: ANDI: src0_reg = %d, dst_reg = %d} ", v0x21ce6d0_0, v0x21ce2f0_0;
    %jmp T_7.46;
T_7.45 ;
    %load/v 8, v0x21cdef0_0, 8;
   %andi 8, 3, 8;
    %set/v v0x21ce6d0_0, 8, 3;
    %set/v v0x21ce870_0, 1, 1;
    %load/v 8, v0x21cdef0_0, 8;
    %ix/load 0, 2, 0;
    %mov 4, 0, 1;
    %shiftr/i0  8, 8;
   %andi 8, 3, 8;
    %set/v v0x21ce9a0_0, 8, 3;
    %set/v v0x21ceae0_0, 1, 1;
    %load/v 8, v0x21cdef0_0, 8;
    %ix/load 0, 2, 0;
    %mov 4, 0, 1;
    %shiftr/i0  8, 8;
   %andi 8, 3, 8;
    %set/v v0x21ce2f0_0, 8, 8;
    %vpi_call 6 325 "$display", "{IDECODE: AND: src0_reg = %d, src1_reg = %d, dst_reg = %d} ", v0x21ce6d0_0, v0x21ce9a0_0, v0x21ce2f0_0;
T_7.46 ;
    %jmp T_7.25;
T_7.21 ;
    %movi 8, 4, 4;
    %set/v v0x21ce1c0_0, 8, 4;
    %load/v 8, v0x21cf080_0, 1;
    %jmp/0xz  T_7.47, 8;
    %load/v 8, v0x21cdef0_0, 8;
   %andi 8, 3, 8;
    %set/v v0x21ce6d0_0, 8, 3;
    %set/v v0x21ce870_0, 1, 1;
    %load/v 8, v0x21cdef0_0, 8;
    %ix/load 0, 2, 0;
    %mov 4, 0, 1;
    %shiftr/i0  8, 8;
   %andi 8, 3, 8;
    %set/v v0x21ce2f0_0, 8, 8;
    %vpi_call 6 334 "$display", "{IDECODE: ORI: src0_reg = %d, dst_reg = %d} ", v0x21ce6d0_0, v0x21ce2f0_0;
    %jmp T_7.48;
T_7.47 ;
    %load/v 8, v0x21cdef0_0, 8;
   %andi 8, 3, 8;
    %set/v v0x21ce6d0_0, 8, 3;
    %set/v v0x21ce870_0, 1, 1;
    %load/v 8, v0x21cdef0_0, 8;
    %ix/load 0, 2, 0;
    %mov 4, 0, 1;
    %shiftr/i0  8, 8;
   %andi 8, 3, 8;
    %set/v v0x21ce9a0_0, 8, 3;
    %set/v v0x21ceae0_0, 1, 1;
    %load/v 8, v0x21cdef0_0, 8;
    %ix/load 0, 2, 0;
    %mov 4, 0, 1;
    %shiftr/i0  8, 8;
   %andi 8, 3, 8;
    %set/v v0x21ce2f0_0, 8, 8;
    %vpi_call 6 342 "$display", "{IDECODE: OR: src0_reg = %d, src1_reg = %d, dst_reg = %d} ", v0x21ce6d0_0, v0x21ce9a0_0, v0x21ce2f0_0;
T_7.48 ;
    %jmp T_7.25;
T_7.22 ;
    %movi 8, 5, 4;
    %set/v v0x21ce1c0_0, 8, 4;
    %load/v 8, v0x21cf080_0, 1;
    %jmp/0xz  T_7.49, 8;
    %load/v 8, v0x21cdef0_0, 8;
   %andi 8, 3, 8;
    %set/v v0x21ce6d0_0, 8, 3;
    %set/v v0x21ce870_0, 1, 1;
    %load/v 8, v0x21cdef0_0, 8;
    %ix/load 0, 2, 0;
    %mov 4, 0, 1;
    %shiftr/i0  8, 8;
   %andi 8, 3, 8;
    %set/v v0x21ce2f0_0, 8, 8;
    %vpi_call 6 351 "$display", "{IDECODE: XORI: src0_reg = %d, dst_reg = %d} ", v0x21ce6d0_0, v0x21ce2f0_0;
    %jmp T_7.50;
T_7.49 ;
    %load/v 8, v0x21cdef0_0, 8;
   %andi 8, 3, 8;
    %set/v v0x21ce6d0_0, 8, 3;
    %set/v v0x21ce870_0, 1, 1;
    %load/v 8, v0x21cdef0_0, 8;
    %ix/load 0, 2, 0;
    %mov 4, 0, 1;
    %shiftr/i0  8, 8;
   %andi 8, 3, 8;
    %set/v v0x21ce9a0_0, 8, 3;
    %set/v v0x21ceae0_0, 1, 1;
    %load/v 8, v0x21cdef0_0, 8;
    %ix/load 0, 2, 0;
    %mov 4, 0, 1;
    %shiftr/i0  8, 8;
   %andi 8, 3, 8;
    %set/v v0x21ce2f0_0, 8, 8;
    %vpi_call 6 359 "$display", "{IDECODE: XOR: src0_reg = %d, src1_reg = %d, dst_reg = %d} ", v0x21ce6d0_0, v0x21ce9a0_0, v0x21ce2f0_0;
T_7.50 ;
    %jmp T_7.25;
T_7.23 ;
    %movi 8, 6, 4;
    %set/v v0x21ce1c0_0, 8, 4;
    %load/v 8, v0x21cdef0_0, 8;
    %ix/load 0, 3, 0;
    %mov 4, 0, 1;
    %shiftr/i0  8, 8;
   %andi 8, 3, 8;
    %set/v v0x21ce2f0_0, 8, 8;
    %set/v v0x21cf080_0, 1, 1;
    %vpi_call 6 366 "$display", "{IDECODE: LOAD reg[%d]} ", v0x21ce2f0_0;
    %jmp T_7.25;
T_7.24 ;
    %movi 8, 7, 4;
    %set/v v0x21ce1c0_0, 8, 4;
    %load/v 8, v0x21cdef0_0, 8;
    %ix/load 0, 3, 0;
    %mov 4, 0, 1;
    %shiftr/i0  8, 8;
   %andi 8, 3, 8;
    %set/v v0x21ce6d0_0, 8, 3;
    %set/v v0x21ce870_0, 1, 1;
    %set/v v0x21cf080_0, 1, 1;
    %vpi_call 6 373 "$display", "{IDECODE: STORE reg[%d]} ", v0x21ce2f0_0;
    %jmp T_7.25;
T_7.25 ;
    %load/v 8, v0x21cf080_0, 1;
    %inv 8, 1;
    %set/v v0x21ce470_0, 8, 1;
T_7.3 ;
    %jmp T_7.1;
T_7.0 ;
    %set/v v0x21ce470_0, 0, 1;
T_7.1 ;
    %jmp T_7;
    .thread T_7, $push;
    .scope S_0x21cbb10;
T_8 ;
    %wait E_0x217f600;
    %load/v 8, v0x21cbcc0_0, 1;
    %jmp/0xz  T_8.0, 8;
    %vpi_call 7 17 "$display", "%c[1;31m", 6'sb011011;
    %vpi_call 7 18 "$display", "%s %m", P_0x21cb858;
    %vpi_call 7 19 "$display", "%c[0m", 6'sb011011;
    %vpi_call 7 20 "$finish";
T_8.0 ;
    %jmp T_8;
    .thread T_8;
    .scope S_0x21cba20;
T_9 ;
    %wait E_0x217f600;
    %load/v 8, v0x21cd070_0, 1;
    %inv 8, 1;
    %jmp/0xz  T_9.0, 8;
    %ix/load 0, 4, 0;
    %assign/v0 v0x21ccad0_0, 0, 0;
    %jmp T_9.1;
T_9.0 ;
    %load/v 8, v0x21cc9b0_0, 4;
    %ix/load 0, 4, 0;
    %assign/v0 v0x21ccad0_0, 0, 8;
T_9.1 ;
    %jmp T_9;
    .thread T_9;
    .scope S_0x21cba20;
T_10 ;
    %wait E_0x21ca3c0;
    %load/v 8, v0x21ccad0_0, 4;
    %set/v v0x21cc9b0_0, 8, 4;
    %load/v 8, v0x21ccad0_0, 4;
    %cmpi/u 8, 0, 4;
    %jmp/1 T_10.0, 6;
    %cmpi/u 8, 1, 4;
    %jmp/1 T_10.1, 6;
    %cmpi/u 8, 2, 4;
    %jmp/1 T_10.2, 6;
    %cmpi/u 8, 3, 4;
    %jmp/1 T_10.3, 6;
    %cmpi/u 8, 5, 4;
    %jmp/1 T_10.4, 6;
    %jmp T_10.5;
T_10.0 ;
    %movi 8, 1, 4;
    %set/v v0x21cc9b0_0, 8, 4;
    %jmp T_10.5;
T_10.1 ;
    %load/v 8, v0x21cce90_0, 1;
    %jmp/0xz  T_10.6, 8;
    %movi 8, 2, 4;
    %set/v v0x21cc9b0_0, 8, 4;
    %jmp T_10.7;
T_10.6 ;
    %load/v 8, v0x21cd1e0_0, 1;
    %jmp/0xz  T_10.8, 8;
    %set/v v0x21cc9b0_0, 0, 4;
    %jmp T_10.9;
T_10.8 ;
    %load/v 8, v0x21cd2e0_0, 1;
    %load/v 9, v0x21cc7e0_0, 1;
    %load/v 10, v0x21cc6a0_0, 1;
    %cmpi/u 8, 1, 3;
    %jmp/1 T_10.10, 6;
    %cmpi/u 8, 2, 3;
    %jmp/1 T_10.11, 6;
    %cmpi/u 8, 4, 3;
    %jmp/1 T_10.12, 6;
    %movi 8, 1, 4;
    %set/v v0x21cc9b0_0, 8, 4;
    %jmp T_10.14;
T_10.10 ;
    %movi 8, 5, 4;
    %set/v v0x21cc9b0_0, 8, 4;
    %jmp T_10.14;
T_10.11 ;
    %movi 8, 3, 4;
    %set/v v0x21cc9b0_0, 8, 4;
    %jmp T_10.14;
T_10.12 ;
    %movi 8, 5, 4;
    %set/v v0x21cc9b0_0, 8, 4;
    %jmp T_10.14;
T_10.14 ;
T_10.9 ;
T_10.7 ;
    %jmp T_10.5;
T_10.2 ;
    %movi 8, 2, 4;
    %set/v v0x21cc9b0_0, 8, 4;
    %jmp T_10.5;
T_10.3 ;
    %movi 8, 1, 4;
    %set/v v0x21cc9b0_0, 8, 4;
    %jmp T_10.5;
T_10.4 ;
    %load/v 8, v0x21cc7e0_0, 1;
    %jmp/0xz  T_10.15, 8;
    %movi 8, 3, 4;
    %set/v v0x21cc9b0_0, 8, 4;
    %jmp T_10.16;
T_10.15 ;
    %movi 8, 5, 4;
    %set/v v0x21cc9b0_0, 8, 4;
T_10.16 ;
    %jmp T_10.5;
T_10.5 ;
    %jmp T_10;
    .thread T_10, $push;
    .scope S_0x21caaf0;
T_11 ;
    %wait E_0x21ca900;
    %load/v 8, v0x21caf60_0, 1;
    %load/v 9, v0x21cb6d0_0, 1;
    %and 8, 9, 1;
    %load/v 9, v0x21cb060_0, 3;
    %load/v 12, v0x21cb8f0_0, 3;
    %cmp/u 9, 12, 3;
    %mov 9, 4, 1;
    %and 8, 9, 1;
    %jmp/0xz  T_11.0, 8;
    %load/v 8, v0x21cb7a0_0, 8;
    %set/v v0x21cad80_0, 8, 8;
    %jmp T_11.1;
T_11.0 ;
    %load/v 8, v0x21caf60_0, 1;
    %jmp/0xz  T_11.2, 8;
    %load/v 8, v0x21cb060_0, 3;
    %cmp/z 8, 0, 3;
    %jmp/1 T_11.4, 4;
    %movi 11, 1, 3;
    %cmp/z 8, 11, 3;
    %jmp/1 T_11.5, 4;
    %movi 11, 2, 3;
    %cmp/z 8, 11, 3;
    %jmp/1 T_11.6, 4;
    %movi 11, 3, 3;
    %cmp/z 8, 11, 3;
    %jmp/1 T_11.7, 4;
    %movi 11, 4, 3;
    %cmp/z 8, 11, 3;
    %jmp/1 T_11.8, 4;
    %movi 11, 5, 3;
    %cmp/z 8, 11, 3;
    %jmp/1 T_11.9, 4;
    %movi 11, 6, 3;
    %cmp/z 8, 11, 3;
    %jmp/1 T_11.10, 4;
    %cmp/z 8, 1, 3;
    %jmp/1 T_11.11, 4;
    %jmp T_11.12;
T_11.4 ;
    %load/v 8, v0x21cb1a0_0, 8;
    %set/v v0x21cad80_0, 8, 8;
    %jmp T_11.12;
T_11.5 ;
    %load/v 8, v0x21cb240_0, 8;
    %set/v v0x21cad80_0, 8, 8;
    %jmp T_11.12;
T_11.6 ;
    %load/v 8, v0x21cb2e0_0, 8;
    %set/v v0x21cad80_0, 8, 8;
    %jmp T_11.12;
T_11.7 ;
    %load/v 8, v0x21cb3f0_0, 8;
    %set/v v0x21cad80_0, 8, 8;
    %jmp T_11.12;
T_11.8 ;
    %load/v 8, v0x21cb490_0, 8;
    %set/v v0x21cad80_0, 8, 8;
    %jmp T_11.12;
T_11.9 ;
    %load/v 8, v0x21cb5b0_0, 8;
    %set/v v0x21cad80_0, 8, 8;
    %jmp T_11.12;
T_11.10 ;
    %load/v 8, v0x21cb650_0, 8;
    %set/v v0x21cad80_0, 8, 8;
    %jmp T_11.12;
T_11.11 ;
    %load/v 8, v0x21cb510_0, 8;
    %set/v v0x21cad80_0, 8, 8;
    %jmp T_11.12;
T_11.12 ;
    %jmp T_11.3;
T_11.2 ;
    %set/v v0x21cad80_0, 0, 8;
T_11.3 ;
T_11.1 ;
    %jmp T_11;
    .thread T_11, $push;
    .scope S_0x21caaf0;
T_12 ;
    %wait E_0x217f600;
    %load/v 8, v0x21cad80_0, 8;
    %ix/load 0, 8, 0;
    %assign/v0 v0x21cacd0_0, 0, 8;
    %jmp T_12;
    .thread T_12;
    .scope S_0x21caaf0;
T_13 ;
    %wait E_0x21c99f0;
    %load/v 8, v0x21cafe0_0, 1;
    %load/v 9, v0x21cb6d0_0, 1;
    %and 8, 9, 1;
    %load/v 9, v0x21cb100_0, 3;
    %load/v 12, v0x21cb8f0_0, 3;
    %cmp/u 9, 12, 3;
    %mov 9, 4, 1;
    %and 8, 9, 1;
    %jmp/0xz  T_13.0, 8;
    %load/v 8, v0x21cb7a0_0, 8;
    %set/v v0x21caee0_0, 8, 8;
    %jmp T_13.1;
T_13.0 ;
    %load/v 8, v0x21cafe0_0, 1;
    %jmp/0xz  T_13.2, 8;
    %load/v 8, v0x21cb100_0, 3;
    %cmp/z 8, 0, 3;
    %jmp/1 T_13.4, 4;
    %movi 11, 1, 3;
    %cmp/z 8, 11, 3;
    %jmp/1 T_13.5, 4;
    %movi 11, 2, 3;
    %cmp/z 8, 11, 3;
    %jmp/1 T_13.6, 4;
    %movi 11, 3, 3;
    %cmp/z 8, 11, 3;
    %jmp/1 T_13.7, 4;
    %movi 11, 4, 3;
    %cmp/z 8, 11, 3;
    %jmp/1 T_13.8, 4;
    %movi 11, 5, 3;
    %cmp/z 8, 11, 3;
    %jmp/1 T_13.9, 4;
    %movi 11, 6, 3;
    %cmp/z 8, 11, 3;
    %jmp/1 T_13.10, 4;
    %cmp/z 8, 1, 3;
    %jmp/1 T_13.11, 4;
    %jmp T_13.12;
T_13.4 ;
    %load/v 8, v0x21cb1a0_0, 8;
    %set/v v0x21caee0_0, 8, 8;
    %jmp T_13.12;
T_13.5 ;
    %load/v 8, v0x21cb240_0, 8;
    %set/v v0x21caee0_0, 8, 8;
    %jmp T_13.12;
T_13.6 ;
    %load/v 8, v0x21cb2e0_0, 8;
    %set/v v0x21caee0_0, 8, 8;
    %jmp T_13.12;
T_13.7 ;
    %load/v 8, v0x21cb3f0_0, 8;
    %set/v v0x21caee0_0, 8, 8;
    %jmp T_13.12;
T_13.8 ;
    %load/v 8, v0x21cb490_0, 8;
    %set/v v0x21caee0_0, 8, 8;
    %jmp T_13.12;
T_13.9 ;
    %load/v 8, v0x21cb5b0_0, 8;
    %set/v v0x21caee0_0, 8, 8;
    %jmp T_13.12;
T_13.10 ;
    %load/v 8, v0x21cb650_0, 8;
    %set/v v0x21caee0_0, 8, 8;
    %jmp T_13.12;
T_13.11 ;
    %load/v 8, v0x21cb510_0, 8;
    %set/v v0x21caee0_0, 8, 8;
    %jmp T_13.12;
T_13.12 ;
    %jmp T_13.3;
T_13.2 ;
    %set/v v0x21caee0_0, 0, 8;
T_13.3 ;
T_13.1 ;
    %jmp T_13;
    .thread T_13, $push;
    .scope S_0x21caaf0;
T_14 ;
    %wait E_0x217f600;
    %load/v 8, v0x21caee0_0, 8;
    %ix/load 0, 8, 0;
    %assign/v0 v0x21cae00_0, 0, 8;
    %jmp T_14;
    .thread T_14;
    .scope S_0x21caaf0;
T_15 ;
    %wait E_0x217f600;
    %load/v 8, v0x21cb6d0_0, 1;
    %jmp/0xz  T_15.0, 8;
    %load/v 8, v0x21cb8f0_0, 3;
    %cmp/z 8, 0, 3;
    %jmp/1 T_15.2, 4;
    %movi 11, 1, 3;
    %cmp/z 8, 11, 3;
    %jmp/1 T_15.3, 4;
    %movi 11, 2, 3;
    %cmp/z 8, 11, 3;
    %jmp/1 T_15.4, 4;
    %movi 11, 3, 3;
    %cmp/z 8, 11, 3;
    %jmp/1 T_15.5, 4;
    %movi 11, 4, 3;
    %cmp/z 8, 11, 3;
    %jmp/1 T_15.6, 4;
    %movi 11, 5, 3;
    %cmp/z 8, 11, 3;
    %jmp/1 T_15.7, 4;
    %movi 11, 6, 3;
    %cmp/z 8, 11, 3;
    %jmp/1 T_15.8, 4;
    %cmp/z 8, 1, 3;
    %jmp/1 T_15.9, 4;
    %jmp T_15.10;
T_15.2 ;
    %load/v 8, v0x21cb7a0_0, 8;
    %ix/load 0, 8, 0;
    %assign/v0 v0x21cb1a0_0, 0, 8;
    %jmp T_15.10;
T_15.3 ;
    %load/v 8, v0x21cb7a0_0, 8;
    %ix/load 0, 8, 0;
    %assign/v0 v0x21cb240_0, 0, 8;
    %jmp T_15.10;
T_15.4 ;
    %load/v 8, v0x21cb7a0_0, 8;
    %ix/load 0, 8, 0;
    %assign/v0 v0x21cb2e0_0, 0, 8;
    %jmp T_15.10;
T_15.5 ;
    %load/v 8, v0x21cb7a0_0, 8;
    %ix/load 0, 8, 0;
    %assign/v0 v0x21cb3f0_0, 0, 8;
    %jmp T_15.10;
T_15.6 ;
    %load/v 8, v0x21cb7a0_0, 8;
    %ix/load 0, 8, 0;
    %assign/v0 v0x21cb490_0, 0, 8;
    %jmp T_15.10;
T_15.7 ;
    %load/v 8, v0x21cb7a0_0, 8;
    %ix/load 0, 8, 0;
    %assign/v0 v0x21cb5b0_0, 0, 8;
    %jmp T_15.10;
T_15.8 ;
    %load/v 8, v0x21cb7a0_0, 8;
    %ix/load 0, 8, 0;
    %assign/v0 v0x21cb650_0, 0, 8;
    %jmp T_15.10;
T_15.9 ;
    %load/v 8, v0x21cb7a0_0, 8;
    %ix/load 0, 8, 0;
    %assign/v0 v0x21cb510_0, 0, 8;
    %jmp T_15.10;
T_15.10 ;
T_15.0 ;
    %jmp T_15;
    .thread T_15;
    .scope S_0x21750a0;
T_16 ;
    %wait E_0x217f600;
    %load/v 8, v0x21ca650_0, 1;
    %inv 8, 1;
    %jmp/0xz  T_16.0, 8;
    %ix/load 0, 4, 0;
    %assign/v0 v0x21ca080_0, 0, 0;
    %jmp T_16.1;
T_16.0 ;
    %load/v 8, v0x21c9f70_0, 4;
    %ix/load 0, 4, 0;
    %assign/v0 v0x21ca080_0, 0, 8;
T_16.1 ;
    %jmp T_16;
    .thread T_16;
    .scope S_0x21750a0;
T_17 ;
    %wait E_0x2178da0;
    %set/v v0x21ca5d0_0, 0, 8;
    %set/v v0x21ca4b0_0, 0, 1;
    %load/v 8, v0x21c9ed0_0, 3;
    %set/v v0x21ca700_0, 8, 3;
    %load/v 8, v0x21ca080_0, 4;
    %cmpi/u 8, 0, 4;
    %jmp/1 T_17.0, 6;
    %cmpi/u 8, 1, 4;
    %jmp/1 T_17.1, 6;
    %cmpi/u 8, 2, 4;
    %jmp/1 T_17.2, 6;
    %cmpi/u 8, 4, 4;
    %jmp/1 T_17.3, 6;
    %cmpi/u 8, 3, 4;
    %jmp/1 T_17.4, 6;
    %cmpi/u 8, 5, 4;
    %jmp/1 T_17.5, 6;
    %cmpi/u 8, 6, 4;
    %jmp/1 T_17.6, 6;
    %cmpi/u 8, 7, 4;
    %jmp/1 T_17.7, 6;
    %cmpi/u 8, 8, 4;
    %jmp/1 T_17.8, 6;
    %cmpi/u 8, 9, 4;
    %jmp/1 T_17.9, 6;
    %cmpi/u 8, 10, 4;
    %jmp/1 T_17.10, 6;
    %cmpi/u 8, 11, 4;
    %jmp/1 T_17.11, 6;
    %jmp T_17.12;
T_17.0 ;
    %vpi_call 10 101 "$display", "{EXEC_NOP:} ";
    %jmp T_17.12;
T_17.1 ;
    %vpi_call 10 104 "$display", "{ALU_OPERATION_ADD:} ";
    %load/v 8, v0x21ca840_0, 8;
    %load/v 16, v0x21ca7a0_0, 8;
    %add 8, 16, 8;
    %set/v v0x21ca5d0_0, 8, 8;
    %set/v v0x21ca4b0_0, 1, 1;
    %jmp T_17.12;
T_17.2 ;
    %vpi_call 10 109 "$display", "{ALU_OPERATION_SUB:} ";
    %load/v 8, v0x21ca840_0, 8;
    %load/v 16, v0x21ca7a0_0, 8;
    %sub 8, 16, 8;
    %set/v v0x21ca5d0_0, 8, 8;
    %set/v v0x21ca4b0_0, 1, 1;
    %jmp T_17.12;
T_17.3 ;
    %vpi_call 10 114 "$display", "{ALU_OPERATION_OR:} ";
    %load/v 8, v0x21ca840_0, 8;
    %load/v 16, v0x21ca7a0_0, 8;
    %or 8, 16, 8;
    %set/v v0x21ca5d0_0, 8, 8;
    %set/v v0x21ca4b0_0, 1, 1;
    %jmp T_17.12;
T_17.4 ;
    %vpi_call 10 119 "$display", "{ALU_OPERATION_AND:} ";
    %load/v 8, v0x21ca840_0, 8;
    %load/v 16, v0x21ca7a0_0, 8;
    %and 8, 16, 8;
    %set/v v0x21ca5d0_0, 8, 8;
    %set/v v0x21ca4b0_0, 1, 1;
    %jmp T_17.12;
T_17.5 ;
    %vpi_call 10 124 "$display", "{ALU_OPERATION_XOR:} ";
    %load/v 8, v0x21ca840_0, 8;
    %load/v 16, v0x21ca7a0_0, 8;
    %xor 8, 16, 8;
    %set/v v0x21ca5d0_0, 8, 8;
    %set/v v0x21ca4b0_0, 1, 1;
    %jmp T_17.12;
T_17.6 ;
    %vpi_call 10 129 "$display", "{MEM_OPERATION_RD:} ";
    %load/v 8, v0x21c9a20_0, 8;
    %set/v v0x21ca5d0_0, 8, 8;
    %set/v v0x21ca4b0_0, 1, 1;
    %jmp T_17.12;
T_17.7 ;
    %vpi_call 10 134 "$display", "{MEM_OPERATION_WR:} ";
    %jmp T_17.12;
T_17.8 ;
    %jmp T_17.12;
T_17.9 ;
    %jmp T_17.12;
T_17.10 ;
    %jmp T_17.12;
T_17.11 ;
    %jmp T_17.12;
T_17.12 ;
    %jmp T_17;
    .thread T_17, $push;
    .scope S_0x2176970;
T_18 ;
    %vpi_call 2 56 "$monitor", "reset_ = %d", v0x21d53c0_0;
    %vpi_call 2 57 "$monitor", "cpu_reset_ = %d", v0x21d4430_0;
    %vpi_call 2 59 "$dumpfile", "test.vcd";
    %vpi_call 2 60 "$dumpvars", 1'sb0, S_0x2176970;
    %set/v v0x21d3c90_0, 0, 1;
    %set/v v0x21d5790_0, 0, 1;
    %set/v v0x21d4670_0, 0, 1;
    %set/v v0x21d4e00_0, 0, 1;
    %set/v v0x21d53c0_0, 3, 1;
    %set/v v0x21d44b0_0, 0, 32;
    %set/v v0x21d5710_0, 0, 1;
    %vpi_func 2 71 "$fopenr", 8, 32, "data.txt";
    %set/v v0x21d47c0_0, 8, 32;
    %load/v 8, v0x21d47c0_0, 32;
    %cmpi/u 8, 0, 32;
    %jmp/0xz  T_18.0, 4;
    %vpi_call 2 73 "$error", "file %s not found", "data.txt";
    %vpi_call 2 74 "$finish";
T_18.0 ;
    %vpi_func 2 78 "$fopenr", 8, 32, "code.txt";
    %set/v v0x21d4d80_0, 8, 32;
    %load/v 8, v0x21d4d80_0, 32;
    %cmpi/u 8, 0, 32;
    %jmp/0xz  T_18.2, 4;
    %vpi_call 2 80 "$error", "file %s not found", "code.txt";
    %vpi_call 2 81 "$finish";
T_18.2 ;
T_18.4 ;
    %load/v 8, v0x21d44b0_0, 32;
    %cmpi/u 8, 1000, 32;
    %cmpi/u 4, 1, 1;
    %inv 6, 1;
    %jmp/0xz T_18.5, 6;
    %wait E_0x217a430;
    %jmp T_18.4;
T_18.5 ;
    %set/v v0x21d5710_0, 1, 1;
    %vpi_call 2 88 "$display", "***Test End after %d clock cycles***", v0x21d44b0_0;
    %vpi_func 2 93 "$fopenw", 8, 32, "data_out.txt";
    %set/v v0x21d45d0_0, 8, 32;
    %load/v 8, v0x21d47c0_0, 32;
    %cmpi/u 8, 0, 32;
    %jmp/0xz  T_18.6, 4;
    %vpi_call 2 95 "$error", "unable to create file: %s", "data_out.txt";
    %vpi_call 2 96 "$finish";
T_18.6 ;
T_18.8 ;
    %load/v 8, v0x21d50d0_0, 12;
    %cmpi/u 8, 4095, 12;
    %cmpi/u 4, 1, 1;
    %inv 6, 1;
    %jmp/0xz T_18.9, 6;
    %wait E_0x217c230;
    %jmp T_18.8;
T_18.9 ;
    %vpi_call 2 100 "$display", "data memory dumped in %s", "data_out.txt";
    %vpi_call 2 103 "$fclose", v0x21d47c0_0;
    %vpi_call 2 104 "$fclose", v0x21d4d80_0;
    %vpi_call 2 105 "$fclose", v0x21d45d0_0;
    %vpi_call 2 106 "$finish";
    %end;
    .thread T_18;
    .scope S_0x2176970;
T_19 ;
    %delay 100000, 0;
    %vpi_call 2 112 "$display", "Starting Clocks\012";
T_19.0 ;
    %delay 50000, 0;
    %load/v 8, v0x21d3c90_0, 1;
    %inv 8, 1;
    %set/v v0x21d3c90_0, 8, 1;
    %load/v 8, v0x21d3c90_0, 1;
    %mov 9, 0, 2;
    %cmpi/u 8, 1, 3;
    %jmp/0xz  T_19.1, 4;
    %load/v 8, v0x21d44b0_0, 32;
    %mov 40, 39, 1;
    %addi 8, 1, 33;
    %set/v v0x21d44b0_0, 8, 32;
T_19.1 ;
    %jmp T_19.0;
    %jmp T_19;
    .thread T_19;
    .scope S_0x2176970;
T_20 ;
    %delay 10000, 0;
    %movi 8, 50, 32;
    %load/v 40, v0x21d44b0_0, 32;
    %cmp/s 8, 40, 32;
    %or 5, 4, 1;
    %mov 8, 5, 1;
    %set/v v0x21d53c0_0, 8, 1;
    %load/v 8, v0x21d53c0_0, 1;
    %movi 9, 50, 32;
    %load/v 41, v0x21d44b0_0, 32;
    %cmp/s 9, 41, 32;
    %mov 9, 5, 1;
    %and 8, 9, 1;
    %set/v v0x21d5790_0, 8, 1;
    %jmp T_20;
    .thread T_20;
    .scope S_0x2176970;
T_21 ;
    %wait E_0x21b1520;
    %load/v 8, v0x21d53c0_0, 1;
    %inv 8, 1;
    %jmp/0xz  T_21.0, 8;
    %ix/load 0, 12, 0;
    %assign/v0 v0x21d51c0_0, 0, 0;
    %ix/load 0, 1, 0;
    %assign/v0 v0x21d4720_0, 0, 0;
T_21.0 ;
    %load/v 8, v0x21d5790_0, 1;
    %vpi_func 2 138 "$feof", 9, 32, v0x21d47c0_0;
    %nor/r 9, 9, 32;
    %and 8, 9, 1;
    %jmp/0xz  T_21.2, 8;
    %vpi_func 2 139 "$fscanf", 8, 32, v0x21d47c0_0, "%x", v0x21d5050_0;
    %set/v v0x21d4a50_0, 8, 32;
    %vpi_call 2 140 "$display", "data_memory_programming_sequence: cycle = %d, addr = %x, data = %x", v0x21d44b0_0, v0x21d51c0_0, v0x21d5050_0;
    %ix/load 0, 1, 0;
    %assign/v0 v0x21d4670_0, 0, 0;
    %load/v 8, v0x21d51c0_0, 12;
    %load/v 20, v0x21d4720_0, 1;
    %mov 21, 0, 11;
    %add 8, 20, 12;
    %ix/load 0, 12, 0;
    %assign/v0 v0x21d51c0_0, 0, 8;
    %ix/load 0, 1, 0;
    %assign/v0 v0x21d4720_0, 0, 1;
    %jmp T_21.3;
T_21.2 ;
    %load/v 8, v0x21d5790_0, 1;
    %vpi_func 2 145 "$feof", 9, 32, v0x21d47c0_0;
    %cmpi/u 9, 0, 32;
    %inv 4, 1;
    %mov 9, 4, 1;
    %and 8, 9, 1;
    %jmp/0xz  T_21.4, 8;
    %ix/load 0, 1, 0;
    %assign/v0 v0x21d4670_0, 0, 1;
T_21.4 ;
T_21.3 ;
    %jmp T_21;
    .thread T_21;
    .scope S_0x2176970;
T_22 ;
    %wait E_0x21b1520;
    %load/v 8, v0x21d53c0_0, 1;
    %inv 8, 1;
    %jmp/0xz  T_22.0, 8;
    %ix/load 0, 12, 0;
    %assign/v0 v0x21d48e0_0, 0, 0;
    %ix/load 0, 1, 0;
    %assign/v0 v0x21d4b50_0, 0, 0;
T_22.0 ;
    %load/v 8, v0x21d5790_0, 1;
    %vpi_func 2 160 "$feof", 9, 32, v0x21d4d80_0;
    %nor/r 9, 9, 32;
    %and 8, 9, 1;
    %jmp/0xz  T_22.2, 8;
    %vpi_func 2 161 "$fscanf", 8, 32, v0x21d4d80_0, "%x", v0x21d4d00_0;
    %set/v v0x21d4a50_0, 8, 32;
    %vpi_call 2 162 "$display", "inst_memory_programming_sequence: cycle = %d, addr = %x, data = %x", v0x21d44b0_0, v0x21d48e0_0, v0x21d4d00_0;
    %ix/load 0, 1, 0;
    %assign/v0 v0x21d4e00_0, 0, 0;
    %load/v 8, v0x21d48e0_0, 12;
    %load/v 20, v0x21d4b50_0, 1;
    %mov 21, 0, 11;
    %add 8, 20, 12;
    %ix/load 0, 12, 0;
    %assign/v0 v0x21d48e0_0, 0, 8;
    %ix/load 0, 1, 0;
    %assign/v0 v0x21d4b50_0, 0, 1;
    %jmp T_22.3;
T_22.2 ;
    %load/v 8, v0x21d5790_0, 1;
    %vpi_func 2 167 "$feof", 9, 32, v0x21d4d80_0;
    %cmpi/u 9, 0, 32;
    %inv 4, 1;
    %mov 9, 4, 1;
    %and 8, 9, 1;
    %jmp/0xz  T_22.4, 8;
    %ix/load 0, 1, 0;
    %assign/v0 v0x21d4e00_0, 0, 1;
T_22.4 ;
T_22.3 ;
    %jmp T_22;
    .thread T_22;
    .scope S_0x2176970;
T_23 ;
    %wait E_0x21b1520;
    %load/v 8, v0x21d53c0_0, 1;
    %inv 8, 1;
    %jmp/0xz  T_23.0, 8;
    %movi 8, 8, 12;
    %ix/load 0, 12, 0;
    %assign/v0 v0x21d50d0_0, 0, 8;
    %jmp T_23.1;
T_23.0 ;
    %load/v 8, v0x21d50d0_0, 12;
    %load/v 20, v0x21d5710_0, 1;
    %mov 21, 0, 11;
    %add 8, 20, 12;
    %ix/load 0, 12, 0;
    %assign/v0 v0x21d50d0_0, 0, 8;
    %vpi_call 2 182 "$fdisplay", v0x21d45d0_0, "%02h", v0x21d4fd0_0;
T_23.1 ;
    %jmp T_23;
    .thread T_23;
    .scope S_0x2176970;
T_24 ;
    %wait E_0x21b1520;
    %load/v 8, v0x21d53c0_0, 1;
    %inv 8, 1;
    %jmp/0xz  T_24.0, 8;
    %ix/load 0, 6, 0;
    %assign/v0 v0x21d3f20_0, 0, 0;
    %jmp T_24.1;
T_24.0 ;
    %ix/load 1, 5, 0;
    %mov 4, 0, 1;
    %jmp/1 T_24.2, 4;
    %load/x1p 10, v0x21d3f20_0, 1;
    %jmp T_24.3;
T_24.2 ;
    %mov 10, 2, 1;
T_24.3 ;
    %mov 8, 10, 1; Move signal select into place
    %mov 9, 0, 1;
    %cmpi/u 8, 0, 2;
    %jmp/0xz  T_24.4, 4;
    %load/v 8, v0x21d3f20_0, 6;
    %load/v 14, v0x21d5340_0, 1;
    %mov 15, 0, 5;
    %add 8, 14, 6;
    %ix/load 0, 6, 0;
    %assign/v0 v0x21d3f20_0, 0, 8;
T_24.4 ;
T_24.1 ;
    %jmp T_24;
    .thread T_24;
# The file index is used to find the file name in the following table.
:file_names 11;
    "N/A";
    "<interactive>";
    "tb_top.v";
    "./data_mem.v";
    "../vmodel/noobs_cpu.v";
    "../vmodel/ifetch.v";
    "../vmodel/idecode.v";
    "../vmodel/asserts.v";
    "../vmodel/cpu_control.v";
    "../vmodel/register_file.v";
    "../vmodel/execute.v";
